<?xml version="1.0" encoding="UTF-8"?>
<coverage generated="1410868807">
  <project timestamp="1410868807">
    <package name="Eye4web\Zf2Abac\Assertion">
      <file name="/var/www/vendor/eye4web/eye4web-zf2-abac/src/Eye4web/Zf2Abac/Assertion/AssertionPluginManager.php">
        <class name="AssertionPluginManager" namespace="Eye4web\Zf2Abac\Assertion">
          <metrics methods="2" coveredmethods="0" conditionals="0" coveredconditionals="0" statements="7" coveredstatements="0" elements="9" coveredelements="0"/>
        </class>
        <line num="13" type="method" name="validatePlugin" crap="12" count="0"/>
        <line num="15" type="stmt" count="0"/>
        <line num="16" type="stmt" count="0"/>
        <line num="19" type="stmt" count="0"/>
        <line num="20" type="stmt" count="0"/>
        <line num="21" type="stmt" count="0"/>
        <line num="22" type="stmt" count="0"/>
        <line num="28" type="method" name="canonicalizeName" crap="2" count="0"/>
        <line num="30" type="stmt" count="0"/>
        <metrics loc="32" ncloc="26" classes="1" methods="2" coveredmethods="0" conditionals="0" coveredconditionals="0" statements="7" coveredstatements="0" elements="9" coveredelements="0"/>
      </file>
    </package>
    <package name="Eye4web\Zf2Abac\Factory\Assertion">
      <file name="/var/www/vendor/eye4web/eye4web-zf2-abac/src/Eye4web/Zf2Abac/Factory/Assertion/AssertionPluginManagerFactory.php">
        <class name="AssertionPluginManagerFactory" namespace="Eye4web\Zf2Abac\Factory\Assertion">
          <metrics methods="1" coveredmethods="0" conditionals="0" coveredconditionals="0" statements="6" coveredstatements="0" elements="7" coveredelements="0"/>
        </class>
        <line num="16" type="method" name="createService" crap="2" count="0"/>
        <line num="17" type="stmt" count="0"/>
        <line num="19" type="stmt" count="0"/>
        <line num="21" type="stmt" count="0"/>
        <line num="22" type="stmt" count="0"/>
        <line num="24" type="stmt" count="0"/>
        <line num="25" type="stmt" count="0"/>
        <metrics loc="26" ncloc="21" classes="1" methods="1" coveredmethods="0" conditionals="0" coveredconditionals="0" statements="6" coveredstatements="0" elements="7" coveredelements="0"/>
      </file>
    </package>
    <package name="Eye4web\Zf2Abac\Factory\Mvc\Controller\Plugin">
      <file name="/var/www/vendor/eye4web/eye4web-zf2-abac/src/Eye4web/Zf2Abac/Factory/Mvc/Controller/Plugin/HasPermissionPluginFactory.php">
        <class name="HasPermissionPluginFactory" namespace="Eye4web\Zf2Abac\Factory\Mvc\Controller\Plugin">
          <metrics methods="1" coveredmethods="1" conditionals="0" coveredconditionals="0" statements="3" coveredstatements="3" elements="4" coveredelements="4"/>
        </class>
        <line num="13" type="method" name="createService" crap="1" count="1"/>
        <line num="16" type="stmt" count="1"/>
        <line num="19" type="stmt" count="1"/>
        <line num="21" type="stmt" count="1"/>
        <metrics loc="23" ncloc="21" classes="1" methods="1" coveredmethods="1" conditionals="0" coveredconditionals="0" statements="3" coveredstatements="3" elements="4" coveredelements="4"/>
      </file>
    </package>
    <package name="Eye4web\Zf2Abac\Factory\Provider">
      <file name="/var/www/vendor/eye4web/eye4web-zf2-abac/src/Eye4web/Zf2Abac/Factory/Provider/DoctrineORMProviderFactory.php">
        <class name="DoctrineORMProviderFactory" namespace="Eye4web\Zf2Abac\Factory\Provider">
          <metrics methods="1" coveredmethods="1" conditionals="0" coveredconditionals="0" statements="3" coveredstatements="3" elements="4" coveredelements="4"/>
        </class>
        <line num="18" type="method" name="createService" crap="1" count="1"/>
        <line num="21" type="stmt" count="1"/>
        <line num="24" type="stmt" count="1"/>
        <line num="26" type="stmt" count="1"/>
        <metrics loc="28" ncloc="22" classes="1" methods="1" coveredmethods="1" conditionals="0" coveredconditionals="0" statements="3" coveredstatements="3" elements="4" coveredelements="4"/>
      </file>
    </package>
    <package name="Eye4web\Zf2Abac\Factory\Service">
      <file name="/var/www/vendor/eye4web/eye4web-zf2-abac/src/Eye4web/Zf2Abac/Factory/Service/AuthorizationServiceFactory.php">
        <class name="AuthorizationServiceFactory" namespace="Eye4web\Zf2Abac\Factory\Service">
          <metrics methods="1" coveredmethods="1" conditionals="0" coveredconditionals="0" statements="2" coveredstatements="2" elements="3" coveredelements="3"/>
        </class>
        <line num="17" type="method" name="createService" crap="1" count="1"/>
        <line num="20" type="stmt" count="1"/>
        <line num="22" type="stmt" count="1"/>
        <metrics loc="24" ncloc="17" classes="1" methods="1" coveredmethods="1" conditionals="0" coveredconditionals="0" statements="2" coveredstatements="2" elements="3" coveredelements="3"/>
      </file>
    </package>
    <package name="Eye4web\Zf2Abac\Factory\View\Helper">
      <file name="/var/www/vendor/eye4web/eye4web-zf2-abac/src/Eye4web/Zf2Abac/Factory/View/Helper/HasPermissionHelperFactory.php">
        <class name="HasPermissionHelperFactory" namespace="Eye4web\Zf2Abac\Factory\View\Helper">
          <metrics methods="1" coveredmethods="1" conditionals="0" coveredconditionals="0" statements="3" coveredstatements="3" elements="4" coveredelements="4"/>
        </class>
        <line num="13" type="method" name="createService" crap="1" count="1"/>
        <line num="16" type="stmt" count="1"/>
        <line num="19" type="stmt" count="1"/>
        <line num="21" type="stmt" count="1"/>
        <metrics loc="23" ncloc="21" classes="1" methods="1" coveredmethods="1" conditionals="0" coveredconditionals="0" statements="3" coveredstatements="3" elements="4" coveredelements="4"/>
      </file>
    </package>
    <package name="Eye4web\Zf2Abac\Mvc\Controller\Plugin">
      <file name="/var/www/vendor/eye4web/eye4web-zf2-abac/src/Eye4web/Zf2Abac/Mvc/Controller/Plugin/HasPermissionPlugin.php">
        <class name="HasPermissionPlugin" namespace="Eye4web\Zf2Abac\Mvc\Controller\Plugin">
          <metrics methods="2" coveredmethods="2" conditionals="0" coveredconditionals="0" statements="3" coveredstatements="3" elements="5" coveredelements="5"/>
        </class>
        <line num="16" type="method" name="__construct" crap="1" count="2"/>
        <line num="18" type="stmt" count="2"/>
        <line num="19" type="stmt" count="2"/>
        <line num="27" type="method" name="__invoke" crap="1" count="1"/>
        <line num="29" type="stmt" count="1"/>
        <metrics loc="31" ncloc="21" classes="1" methods="2" coveredmethods="2" conditionals="0" coveredconditionals="0" statements="3" coveredstatements="3" elements="5" coveredelements="5"/>
      </file>
    </package>
    <package name="Eye4web\Zf2Abac\Provider">
      <file name="/var/www/vendor/eye4web/eye4web-zf2-abac/src/Eye4web/Zf2Abac/Provider/DoctrineORMProvider.php">
        <class name="DoctrineORMProvider" namespace="Eye4web\Zf2Abac\Provider">
          <metrics methods="3" coveredmethods="2" conditionals="0" coveredconditionals="0" statements="30" coveredstatements="20" elements="33" coveredelements="22"/>
        </class>
        <line num="20" type="method" name="__construct" crap="1" count="5"/>
        <line num="22" type="stmt" count="5"/>
        <line num="23" type="stmt" count="5"/>
        <line num="24" type="stmt" count="5"/>
        <line num="33" type="method" name="getPermissions" crap="6" count="0"/>
        <line num="35" type="stmt" count="0"/>
        <line num="37" type="stmt" count="0"/>
        <line num="38" type="stmt" count="0"/>
        <line num="39" type="stmt" count="0"/>
        <line num="40" type="stmt" count="0"/>
        <line num="41" type="stmt" count="0"/>
        <line num="44" type="stmt" count="0"/>
        <line num="45" type="stmt" count="0"/>
        <line num="46" type="stmt" count="0"/>
        <line num="48" type="stmt" count="0"/>
        <line num="59" type="method" name="getValidator" crap="6" count="4"/>
        <line num="62" type="stmt" count="4"/>
        <line num="64" type="stmt" count="4"/>
        <line num="65" type="stmt" count="1"/>
        <line num="66" type="stmt" count="1"/>
        <line num="67" type="stmt" count="1"/>
        <line num="68" type="stmt" count="1"/>
        <line num="71" type="stmt" count="3"/>
        <line num="72" type="stmt" count="2"/>
        <line num="73" type="stmt" count="2"/>
        <line num="75" type="stmt" count="2"/>
        <line num="76" type="stmt" count="1"/>
        <line num="77" type="stmt" count="1"/>
        <line num="78" type="stmt" count="1"/>
        <line num="79" type="stmt" count="1"/>
        <line num="82" type="stmt" count="1"/>
        <line num="83" type="stmt" count="1"/>
        <line num="85" type="stmt" count="2"/>
        <metrics loc="86" ncloc="67" classes="1" methods="3" coveredmethods="2" conditionals="0" coveredconditionals="0" statements="30" coveredstatements="20" elements="33" coveredelements="22"/>
      </file>
    </package>
    <package name="Eye4web\Zf2Abac\Service">
      <file name="/var/www/vendor/eye4web/eye4web-zf2-abac/src/Eye4web/Zf2Abac/Service/AuthorizationService.php">
        <class name="AuthorizationService" namespace="Eye4web\Zf2Abac\Service">
          <metrics methods="2" coveredmethods="2" conditionals="0" coveredconditionals="0" statements="9" coveredstatements="9" elements="11" coveredelements="11"/>
        </class>
        <line num="13" type="method" name="__construct" crap="1" count="3"/>
        <line num="15" type="stmt" count="3"/>
        <line num="16" type="stmt" count="3"/>
        <line num="27" type="method" name="hasPermission" crap="3" count="2"/>
        <line num="30" type="stmt" count="2"/>
        <line num="32" type="stmt" count="2"/>
        <line num="33" type="stmt" count="1"/>
        <line num="34" type="stmt" count="1"/>
        <line num="35" type="stmt" count="1"/>
        <line num="36" type="stmt" count="1"/>
        <line num="39" type="stmt" count="1"/>
        <metrics loc="41" ncloc="30" classes="1" methods="2" coveredmethods="2" conditionals="0" coveredconditionals="0" statements="9" coveredstatements="9" elements="11" coveredelements="11"/>
      </file>
    </package>
    <package name="Eye4web\Zf2Abac\View\Helper">
      <file name="/var/www/vendor/eye4web/eye4web-zf2-abac/src/Eye4web/Zf2Abac/View/Helper/HasPermissionHelper.php">
        <class name="HasPermissionHelper" namespace="Eye4web\Zf2Abac\View\Helper">
          <metrics methods="2" coveredmethods="2" conditionals="0" coveredconditionals="0" statements="3" coveredstatements="3" elements="5" coveredelements="5"/>
        </class>
        <line num="16" type="method" name="__construct" crap="1" count="2"/>
        <line num="18" type="stmt" count="2"/>
        <line num="19" type="stmt" count="2"/>
        <line num="27" type="method" name="__invoke" crap="1" count="1"/>
        <line num="29" type="stmt" count="1"/>
        <metrics loc="31" ncloc="21" classes="1" methods="2" coveredmethods="2" conditionals="0" coveredconditionals="0" statements="3" coveredstatements="3" elements="5" coveredelements="5"/>
      </file>
    </package>
    <metrics files="10" loc="345" ncloc="267" classes="10" methods="16" coveredmethods="12" conditionals="0" coveredconditionals="0" statements="69" coveredstatements="46" elements="85" coveredelements="58"/>
  </project>
</coverage>
